2024-08-21 16:09:28 LogWrapper init() ./logs/EUR_GBP.log created
2024-08-21 16:09:28 {'n_ma': 20, 'n_std': 2.5, 'n_maxspread': 0.0004, 'mingain': 0.0014, 'riskreward': 1.3}
2024-08-21 16:09:31 CandleManager() init last_candle:last_candle: 24-08-21 06:08 is_ready: False
2024-08-21 16:10:06 CandleManager() new candle: last_candle: 24-08-21 06:09 is_ready: True
2024-08-21 16:10:07 tech_manager: max_rows:40 candle_time:2024-08-21 06:09:00+00:00 granularity:M1
2024-08-21 16:10:07 process_candles:
       PAIR                      time    mid_c    mid_o   SPREAD  SIGNAL      GAIN
34  EUR_GBP 2024-08-21 06:05:00+00:00  0.85378  0.85378  0.00014       0  0.000011
35  EUR_GBP 2024-08-21 06:06:00+00:00  0.85382  0.85378  0.00013       0  0.000027
36  EUR_GBP 2024-08-21 06:07:00+00:00  0.85376  0.85380  0.00013       0  0.000034
37  EUR_GBP 2024-08-21 06:08:00+00:00  0.85370  0.85376  0.00013       0  0.000095
38  EUR_GBP 2024-08-21 06:09:00+00:00  0.85372  0.85370  0.00011       0  0.000075
2024-08-21 16:11:17 CandleManager() new candle: last_candle: 24-08-21 06:10 is_ready: True
2024-08-21 16:11:17 tech_manager: max_rows:40 candle_time:2024-08-21 06:10:00+00:00 granularity:M1
2024-08-21 16:11:18 process_candles:
       PAIR                      time    mid_c    mid_o   SPREAD  SIGNAL      GAIN
34  EUR_GBP 2024-08-21 06:06:00+00:00  0.85382  0.85378  0.00013       0  0.000027
35  EUR_GBP 2024-08-21 06:07:00+00:00  0.85376  0.85380  0.00013       0  0.000034
36  EUR_GBP 2024-08-21 06:08:00+00:00  0.85370  0.85376  0.00013       0  0.000095
37  EUR_GBP 2024-08-21 06:09:00+00:00  0.85372  0.85370  0.00011       0  0.000075
38  EUR_GBP 2024-08-21 06:10:00+00:00  0.85376  0.85371  0.00015       0  0.000036
2024-08-21 16:12:16 CandleManager() new candle: last_candle: 24-08-21 06:11 is_ready: True
2024-08-21 16:12:16 tech_manager: max_rows:40 candle_time:2024-08-21 06:11:00+00:00 granularity:M1
2024-08-21 16:12:16 process_candles:
       PAIR                      time    mid_c    mid_o   SPREAD  SIGNAL      GAIN
34  EUR_GBP 2024-08-21 06:07:00+00:00  0.85376  0.85380  0.00013       0  0.000034
35  EUR_GBP 2024-08-21 06:08:00+00:00  0.85370  0.85376  0.00013       0  0.000095
36  EUR_GBP 2024-08-21 06:09:00+00:00  0.85372  0.85370  0.00011       0  0.000075
37  EUR_GBP 2024-08-21 06:10:00+00:00  0.85376  0.85371  0.00015       0  0.000036
38  EUR_GBP 2024-08-21 06:11:00+00:00  0.85366  0.85377  0.00013       0  0.000134
