2024-08-16 20:17:01 LogWrapper init() ./logs/EUR_CHF.log created
2024-08-16 20:17:01 {'n_ma': 20, 'n_std': 2.5, 'n_maxspread': 0.0004, 'mingain': 0.0014, 'riskreward': 1.3}
2024-08-16 20:17:02 CandleManager() init last_candle:last_candle: 24-08-16 10:15 is_ready: False
2024-08-16 20:17:13 CandleManager() new candle: last_candle: 24-08-16 10:16 is_ready: True
2024-08-16 20:17:13 tech_manager: max_rows:40 candle_time:2024-08-16 10:16:00+00:00 granularity:M1
2024-08-16 20:17:14 process_candles:
       PAIR                      time    mid_c    mid_o   SPREAD
34  EUR_CHF 2024-08-16 10:12:00+00:00  0.95444  0.95440  0.00015
35  EUR_CHF 2024-08-16 10:13:00+00:00  0.95446  0.95442  0.00016
36  EUR_CHF 2024-08-16 10:14:00+00:00  0.95448  0.95447  0.00016
37  EUR_CHF 2024-08-16 10:15:00+00:00  0.95443  0.95450  0.00018
38  EUR_CHF 2024-08-16 10:16:00+00:00  0.95454  0.95444  0.00015
2024-08-16 20:18:08 CandleManager() new candle: last_candle: 24-08-16 10:17 is_ready: True
2024-08-16 20:18:09 tech_manager: max_rows:40 candle_time:2024-08-16 10:17:00+00:00 granularity:M1
2024-08-16 20:18:09 process_candles:
       PAIR                      time    mid_c    mid_o   SPREAD
34  EUR_CHF 2024-08-16 10:13:00+00:00  0.95446  0.95442  0.00016
35  EUR_CHF 2024-08-16 10:14:00+00:00  0.95448  0.95447  0.00016
36  EUR_CHF 2024-08-16 10:15:00+00:00  0.95443  0.95450  0.00018
37  EUR_CHF 2024-08-16 10:16:00+00:00  0.95454  0.95444  0.00015
38  EUR_CHF 2024-08-16 10:17:00+00:00  0.95459  0.95456  0.00016
2024-08-16 20:19:03 CandleManager() new candle: last_candle: 24-08-16 10:18 is_ready: True
2024-08-16 20:19:04 tech_manager: max_rows:40 candle_time:2024-08-16 10:18:00+00:00 granularity:M1
2024-08-16 20:19:04 process_candles:
       PAIR                      time    mid_c    mid_o   SPREAD
34  EUR_CHF 2024-08-16 10:14:00+00:00  0.95448  0.95447  0.00016
35  EUR_CHF 2024-08-16 10:15:00+00:00  0.95443  0.95450  0.00018
36  EUR_CHF 2024-08-16 10:16:00+00:00  0.95454  0.95444  0.00015
37  EUR_CHF 2024-08-16 10:17:00+00:00  0.95459  0.95456  0.00016
38  EUR_CHF 2024-08-16 10:18:00+00:00  0.95452  0.95458  0.00015
