2024-08-21 16:09:28 LogWrapper init() ./logs/GBP_USD.log created
2024-08-21 16:09:28 {'n_ma': 12, 'n_std': 2.5, 'n_maxspread': 0.0004, 'mingain': 0.0014, 'riskreward': 1.3}
2024-08-21 16:09:31 CandleManager() init last_candle:last_candle: 24-08-21 06:08 is_ready: False
2024-08-21 16:10:05 CandleManager() new candle: last_candle: 24-08-21 06:09 is_ready: True
2024-08-21 16:10:06 tech_manager: max_rows:32 candle_time:2024-08-21 06:09:00+00:00 granularity:M1
2024-08-21 16:10:07 process_candles:
       PAIR                      time    mid_c    mid_o   SPREAD  SIGNAL      GAIN
26  GBP_USD 2024-08-21 06:05:00+00:00  1.30230  1.30227  0.00019       0  0.000129
27  GBP_USD 2024-08-21 06:06:00+00:00  1.30232  1.30232  0.00018       0  0.000134
28  GBP_USD 2024-08-21 06:07:00+00:00  1.30241  1.30232  0.00020       0  0.000205
29  GBP_USD 2024-08-21 06:08:00+00:00  1.30234  1.30240  0.00017       0  0.000116
30  GBP_USD 2024-08-21 06:09:00+00:00  1.30224  1.30234  0.00019       0  0.000006
2024-08-21 16:11:04 CandleManager() new candle: last_candle: 24-08-21 06:10 is_ready: True
2024-08-21 16:11:06 tech_manager: max_rows:32 candle_time:2024-08-21 06:10:00+00:00 granularity:M1
2024-08-21 16:11:06 process_candles:
       PAIR                      time    mid_c    mid_o   SPREAD  SIGNAL      GAIN
26  GBP_USD 2024-08-21 06:06:00+00:00  1.30232  1.30232  0.00018       0  0.000134
27  GBP_USD 2024-08-21 06:07:00+00:00  1.30241  1.30232  0.00020       0  0.000205
28  GBP_USD 2024-08-21 06:08:00+00:00  1.30234  1.30240  0.00017       0  0.000116
29  GBP_USD 2024-08-21 06:09:00+00:00  1.30224  1.30234  0.00019       0  0.000006
30  GBP_USD 2024-08-21 06:10:00+00:00  1.30208  1.30224  0.00019       0  0.000153
2024-08-21 16:12:03 CandleManager() new candle: last_candle: 24-08-21 06:11 is_ready: True
2024-08-21 16:12:04 tech_manager: max_rows:32 candle_time:2024-08-21 06:11:00+00:00 granularity:M1
2024-08-21 16:12:05 process_candles:
       PAIR                      time    mid_c    mid_o   SPREAD  SIGNAL      GAIN
26  GBP_USD 2024-08-21 06:07:00+00:00  1.30241  1.30232  0.00020       0  0.000205
27  GBP_USD 2024-08-21 06:08:00+00:00  1.30234  1.30240  0.00017       0  0.000116
28  GBP_USD 2024-08-21 06:09:00+00:00  1.30224  1.30234  0.00019       0  0.000006
29  GBP_USD 2024-08-21 06:10:00+00:00  1.30208  1.30224  0.00019       0  0.000153
30  GBP_USD 2024-08-21 06:11:00+00:00  1.30218  1.30207  0.00020       0  0.000059
2024-08-21 16:13:03 CandleManager() new candle: last_candle: 24-08-21 06:12 is_ready: True
2024-08-21 16:13:04 tech_manager: max_rows:32 candle_time:2024-08-21 06:12:00+00:00 granularity:M1
2024-08-21 16:13:04 process_candles:
       PAIR                      time    mid_c    mid_o   SPREAD  SIGNAL      GAIN
26  GBP_USD 2024-08-21 06:08:00+00:00  1.30234  1.30240  0.00017       0  0.000116
27  GBP_USD 2024-08-21 06:09:00+00:00  1.30224  1.30234  0.00019       0  0.000006
28  GBP_USD 2024-08-21 06:10:00+00:00  1.30208  1.30224  0.00019       0  0.000153
29  GBP_USD 2024-08-21 06:11:00+00:00  1.30218  1.30207  0.00020       0  0.000059
30  GBP_USD 2024-08-21 06:12:00+00:00  1.30186  1.30218  0.00018       1  0.000368
2024-08-21 16:14:13 CandleManager() new candle: last_candle: 24-08-21 06:13 is_ready: True
2024-08-21 16:14:14 tech_manager: max_rows:32 candle_time:2024-08-21 06:13:00+00:00 granularity:M1
2024-08-21 16:14:14 process_candles:
       PAIR                      time    mid_c    mid_o   SPREAD  SIGNAL      GAIN
26  GBP_USD 2024-08-21 06:09:00+00:00  1.30224  1.30234  0.00019       0  0.000006
27  GBP_USD 2024-08-21 06:10:00+00:00  1.30208  1.30224  0.00019       0  0.000153
28  GBP_USD 2024-08-21 06:11:00+00:00  1.30218  1.30207  0.00020       0  0.000059
29  GBP_USD 2024-08-21 06:12:00+00:00  1.30186  1.30218  0.00018       1  0.000368
30  GBP_USD 2024-08-21 06:13:00+00:00  1.30194  1.30188  0.00017       0  0.000270
2024-08-21 16:15:12 CandleManager() new candle: last_candle: 24-08-21 06:14 is_ready: True
2024-08-21 16:15:13 tech_manager: max_rows:32 candle_time:2024-08-21 06:14:00+00:00 granularity:M1
2024-08-21 16:15:13 process_candles:
       PAIR                      time    mid_c    mid_o   SPREAD  SIGNAL      GAIN
26  GBP_USD 2024-08-21 06:10:00+00:00  1.30208  1.30224  0.00019       0  0.000153
27  GBP_USD 2024-08-21 06:11:00+00:00  1.30218  1.30207  0.00020       0  0.000059
28  GBP_USD 2024-08-21 06:12:00+00:00  1.30186  1.30218  0.00018       1  0.000368
29  GBP_USD 2024-08-21 06:13:00+00:00  1.30194  1.30188  0.00017       0  0.000270
30  GBP_USD 2024-08-21 06:14:00+00:00  1.30209  1.30194  0.00016       0  0.000105
2024-08-21 16:16:10 CandleManager() new candle: last_candle: 24-08-21 06:15 is_ready: True
2024-08-21 16:16:12 tech_manager: max_rows:32 candle_time:2024-08-21 06:15:00+00:00 granularity:M1
2024-08-21 16:16:12 process_candles:
       PAIR                      time    mid_c    mid_o   SPREAD  SIGNAL      GAIN
26  GBP_USD 2024-08-21 06:11:00+00:00  1.30218  1.30207  0.00020       0  0.000059
27  GBP_USD 2024-08-21 06:12:00+00:00  1.30186  1.30218  0.00018       1  0.000368
28  GBP_USD 2024-08-21 06:13:00+00:00  1.30194  1.30188  0.00017       0  0.000270
29  GBP_USD 2024-08-21 06:14:00+00:00  1.30209  1.30194  0.00016       0  0.000105
30  GBP_USD 2024-08-21 06:15:00+00:00  1.30216  1.30212  0.00019       0  0.000026
2024-08-21 16:17:09 CandleManager() new candle: last_candle: 24-08-21 06:16 is_ready: True
2024-08-21 16:17:10 tech_manager: max_rows:32 candle_time:2024-08-21 06:16:00+00:00 granularity:M1
2024-08-21 16:17:11 process_candles:
       PAIR                      time    mid_c    mid_o   SPREAD  SIGNAL          GAIN
26  GBP_USD 2024-08-21 06:12:00+00:00  1.30186  1.30218  0.00018       1  3.677778e-04
27  GBP_USD 2024-08-21 06:13:00+00:00  1.30194  1.30188  0.00017       0  2.697222e-04
28  GBP_USD 2024-08-21 06:14:00+00:00  1.30209  1.30194  0.00016       0  1.050000e-04
29  GBP_USD 2024-08-21 06:15:00+00:00  1.30216  1.30212  0.00019       0  2.583333e-05
30  GBP_USD 2024-08-21 06:16:00+00:00  1.30218  1.30217  0.00017       0  2.777778e-07
