2024-08-21 16:09:28 LogWrapper init() ./logs/GBP_CHF.log created
2024-08-21 16:09:28 {'n_ma': 20, 'n_std': 2.5, 'n_maxspread': 0.0004, 'mingain': 0.0014, 'riskreward': 1.3}
2024-08-21 16:09:31 CandleManager() init last_candle:last_candle: 24-08-21 06:08 is_ready: False
2024-08-21 16:10:04 CandleManager() new candle: last_candle: 24-08-21 06:09 is_ready: True
2024-08-21 16:10:06 tech_manager: max_rows:40 candle_time:2024-08-21 06:09:00+00:00 granularity:M1
2024-08-21 16:10:06 process_candles:
       PAIR                      time    mid_c    mid_o   SPREAD  SIGNAL      GAIN
34  GBP_CHF 2024-08-21 06:05:00+00:00  1.11280  1.11267  0.00023       0  0.000201
35  GBP_CHF 2024-08-21 06:06:00+00:00  1.11280  1.11281  0.00021       0  0.000182
36  GBP_CHF 2024-08-21 06:07:00+00:00  1.11291  1.11280  0.00020       0  0.000273
37  GBP_CHF 2024-08-21 06:08:00+00:00  1.11288  1.11290  0.00023       0  0.000228
38  GBP_CHF 2024-08-21 06:09:00+00:00  1.11280  1.11289  0.00023       0  0.000136
2024-08-21 16:11:03 CandleManager() new candle: last_candle: 24-08-21 06:10 is_ready: True
2024-08-21 16:11:04 tech_manager: max_rows:40 candle_time:2024-08-21 06:10:00+00:00 granularity:M1
2024-08-21 16:11:05 process_candles:
       PAIR                      time    mid_c    mid_o   SPREAD  SIGNAL      GAIN
34  GBP_CHF 2024-08-21 06:06:00+00:00  1.11280  1.11281  0.00021       0  0.000182
35  GBP_CHF 2024-08-21 06:07:00+00:00  1.11291  1.11280  0.00020       0  0.000273
36  GBP_CHF 2024-08-21 06:08:00+00:00  1.11288  1.11290  0.00023       0  0.000228
37  GBP_CHF 2024-08-21 06:09:00+00:00  1.11280  1.11289  0.00023       0  0.000136
38  GBP_CHF 2024-08-21 06:10:00+00:00  1.11289  1.11280  0.00022       0  0.000214
2024-08-21 16:12:02 CandleManager() new candle: last_candle: 24-08-21 06:11 is_ready: True
2024-08-21 16:12:03 tech_manager: max_rows:40 candle_time:2024-08-21 06:11:00+00:00 granularity:M1
2024-08-21 16:12:04 process_candles:
       PAIR                      time    mid_c    mid_o   SPREAD  SIGNAL      GAIN
34  GBP_CHF 2024-08-21 06:07:00+00:00  1.11291  1.11280  0.00020       0  0.000273
35  GBP_CHF 2024-08-21 06:08:00+00:00  1.11288  1.11290  0.00023       0  0.000228
36  GBP_CHF 2024-08-21 06:09:00+00:00  1.11280  1.11289  0.00023       0  0.000136
37  GBP_CHF 2024-08-21 06:10:00+00:00  1.11289  1.11280  0.00022       0  0.000214
38  GBP_CHF 2024-08-21 06:11:00+00:00  1.11294  1.11292  0.00020       0  0.000250
