2024-10-02 15:26:45 LogWrapper init() ./logs/PriceStreamer.log created
2024-10-02 15:26:55 
2024-10-02 15:26:55 
  instrument                             time        ask        bid
0    EUR_USD 2024-10-02 05:26:54.240845+00:00    1.10581    1.10572
1    AUD_USD 2024-10-02 05:26:53.016699+00:00    0.68877    0.68871
2    GBP_JPY 2024-10-02 05:26:53.878151+00:00  190.69100  190.65700
3    GBP_USD 2024-10-02 05:26:53.735004+00:00    1.32713    1.32697
4    EUR_GBP 2024-10-02 05:26:53.541694+00:00    0.83331    0.83321
2024-10-02 15:27:16 
2024-10-02 15:27:16 
  instrument                             time        ask        bid
0    EUR_USD 2024-10-02 05:27:13.768594+00:00    1.10579    1.10569
1    AUD_USD 2024-10-02 05:27:14.216226+00:00    0.68872    0.68864
2    GBP_JPY 2024-10-02 05:27:13.926185+00:00  190.68100  190.64600
3    GBP_USD 2024-10-02 05:27:13.675027+00:00    1.32704    1.32689
4    EUR_GBP 2024-10-02 05:27:14.235210+00:00    0.83335    0.83325
2024-10-02 15:27:36 
2024-10-02 15:27:36 
  instrument                             time        ask        bid
0    EUR_USD 2024-10-02 05:27:31.686830+00:00    1.10586    1.10576
1    AUD_USD 2024-10-02 05:27:33.434751+00:00    0.68869    0.68859
2    GBP_JPY 2024-10-02 05:27:34.882780+00:00  190.66100  190.62500
3    GBP_USD 2024-10-02 05:27:33.217403+00:00    1.32704    1.32687
4    EUR_GBP 2024-10-02 05:27:33.167475+00:00    0.83341    0.83330
2024-10-02 15:27:56 
2024-10-02 15:27:56 
  instrument                             time        ask        bid
0    EUR_USD 2024-10-02 05:27:53.458261+00:00    1.10584    1.10573
1    AUD_USD 2024-10-02 05:27:54.232799+00:00    0.68864    0.68855
2    GBP_JPY 2024-10-02 05:27:55.070154+00:00  190.65400  190.61300
3    GBP_USD 2024-10-02 05:27:54.832521+00:00    1.32703    1.32686
4    EUR_GBP 2024-10-02 05:27:54.450321+00:00    0.83339    0.83328
2024-10-02 15:28:16 
2024-10-02 15:28:16 
  instrument                             time        ask        bid
0    EUR_USD 2024-10-02 05:28:15.173642+00:00    1.10570    1.10559
1    AUD_USD 2024-10-02 05:28:14.706472+00:00    0.68846    0.68840
2    GBP_JPY 2024-10-02 05:28:14.703583+00:00  190.62800  190.59300
3    GBP_USD 2024-10-02 05:28:14.695604+00:00    1.32678    1.32663
4    EUR_GBP 2024-10-02 05:28:14.642737+00:00    0.83347    0.83333
